DeskClock/app/build/outputs/logs/manifest-merger-debug-report.txt
-- Merging decision tree log ---
manifest
ADDED from src/main/AndroidManifest.xml:18:1-351:12
	package
		ADDED from src/main/AndroidManifest.xml:19:9-40
		INJECTED from src/main/AndroidManifest.xml
		INJECTED from src/main/AndroidManifest.xml
	android:versionName
		ADDED from src/main/AndroidManifest.xml:20:35-62
		INJECTED from src/main/AndroidManifest.xml
		INJECTED from src/main/AndroidManifest.xml
	android:versionCode
		ADDED from src/main/AndroidManifest.xml:20:9-34
		INJECTED from src/main/AndroidManifest.xml
		INJECTED from src/main/AndroidManifest.xml
	xmlns:android
		ADDED from src/main/AndroidManifest.xml:18:11-69
original-package
ADDED from src/main/AndroidManifest.xml:22:5-63
	android:name
		ADDED from src/main/AndroidManifest.xml:22:23-60
uses-sdk
ADDED from src/main/AndroidManifest.xml:25:5-44
	android:targetSdkVersion
		INJECTED from src/main/AndroidManifest.xml
		INJECTED from src/main/AndroidManifest.xml
	android:minSdkVersion
		ADDED from src/main/AndroidManifest.xml:25:15-41
		INJECTED from src/main/AndroidManifest.xml
		INJECTED from src/main/AndroidManifest.xml
uses-permission#android.permission.RECEIVE_BOOT_COMPLETED
ADDED from src/main/AndroidManifest.xml:27:5-81
	android:name
		ADDED from src/main/AndroidManifest.xml:27:22-78
uses-permission#android.permission.WAKE_LOCK
ADDED from src/main/AndroidManifest.xml:28:5-67
	android:name
		ADDED from src/main/AndroidManifest.xml:28:22-65
uses-permission#android.permission.VIBRATE
ADDED from src/main/AndroidManifest.xml:29:5-65
	android:name
		ADDED from src/main/AndroidManifest.xml:29:22-63
uses-permission#android.permission.DISABLE_KEYGUARD
ADDED from src/main/AndroidManifest.xml:30:5-75
	android:name
		ADDED from src/main/AndroidManifest.xml:30:22-72
uses-permission#android.permission.WRITE_SETTINGS
ADDED from src/main/AndroidManifest.xml:32:5-73
	android:name
		ADDED from src/main/AndroidManifest.xml:32:22-70
uses-permission#android.permission.READ_PHONE_STATE
ADDED from src/main/AndroidManifest.xml:34:5-75
	android:name
		ADDED from src/main/AndroidManifest.xml:34:22-72
uses-permission#android.permission.READ_EXTERNAL_STORAGE
ADDED from src/main/AndroidManifest.xml:36:5-80
	android:name
		ADDED from src/main/AndroidManifest.xml:36:22-77
application
ADDED from src/main/AndroidManifest.xml:38:5-350:19
	android:backupAgent
		ADDED from src/main/AndroidManifest.xml:41:18-60
	android:label
		ADDED from src/main/AndroidManifest.xml:38:18-51
	android:supportsRtl
		ADDED from src/main/AndroidManifest.xml:46:18-44
	android:requiredForAllUsers
		ADDED from src/main/AndroidManifest.xml:45:18-52
	android:fullBackupContent
		ADDED from src/main/AndroidManifest.xml:42:18-64
	android:allowBackup
		ADDED from src/main/AndroidManifest.xml:40:18-44
	android:icon
		ADDED from src/main/AndroidManifest.xml:44:18-63
	android:fullBackupOnly
		ADDED from src/main/AndroidManifest.xml:43:18-47
	android:name
		ADDED from src/main/AndroidManifest.xml:39:18-54
provider#com.android.deskclock.provider.ClockProvider
ADDED from src/main/AndroidManifest.xml:48:9-51:50
	android:authorities
		ADDED from src/main/AndroidManifest.xml:49:17-60
	android:exported
		ADDED from src/main/AndroidManifest.xml:50:17-41
	android:directBootAware
		ADDED from src/main/AndroidManifest.xml:51:17-47
	android:name
		ADDED from src/main/AndroidManifest.xml:48:19-57
activity#com.android.deskclock.DeskClock
ADDED from src/main/AndroidManifest.xml:53:9-64:20
	android:label
		ADDED from src/main/AndroidManifest.xml:54:17-50
	android:launchMode
		ADDED from src/main/AndroidManifest.xml:57:17-48
	android:icon
		ADDED from src/main/AndroidManifest.xml:56:17-62
	android:theme
		ADDED from src/main/AndroidManifest.xml:55:17-54
	android:name
		ADDED from src/main/AndroidManifest.xml:53:19-43
intent-filter#android.intent.action.MAIN+android.intent.category.DEFAULT+android.intent.category.LAUNCHER
ADDED from src/main/AndroidManifest.xml:59:13-63:29
action#android.intent.action.MAIN
ADDED from src/main/AndroidManifest.xml:60:17-69
	android:name
		ADDED from src/main/AndroidManifest.xml:60:25-66
category#android.intent.category.DEFAULT
ADDED from src/main/AndroidManifest.xml:61:17-76
	android:name
		ADDED from src/main/AndroidManifest.xml:61:27-73
category#android.intent.category.LAUNCHER
ADDED from src/main/AndroidManifest.xml:62:17-77
	android:name
		ADDED from src/main/AndroidManifest.xml:62:27-74
activity-alias#com.android.deskclock.DockClock
ADDED from src/main/AndroidManifest.xml:66:9-79:26
	android:enabled
		ADDED from src/main/AndroidManifest.xml:72:17-62
	android:label
		ADDED from src/main/AndroidManifest.xml:68:17-50
	android:launchMode
		ADDED from src/main/AndroidManifest.xml:71:17-48
	android:targetActivity
		ADDED from src/main/AndroidManifest.xml:67:17-51
	android:icon
		ADDED from src/main/AndroidManifest.xml:70:17-62
	android:theme
		ADDED from src/main/AndroidManifest.xml:69:17-54
	android:name
		ADDED from src/main/AndroidManifest.xml:66:25-49
intent-filter#android.intent.action.MAIN+android.intent.category.DEFAULT+android.intent.category.DESK_DOCK
ADDED from src/main/AndroidManifest.xml:74:13-78:29
category#android.intent.category.DESK_DOCK
ADDED from src/main/AndroidManifest.xml:77:17-78
	android:name
		ADDED from src/main/AndroidManifest.xml:77:27-75
activity#com.android.deskclock.settings.SettingsActivity
ADDED from src/main/AndroidManifest.xml:81:9-90:20
	android:label
		ADDED from src/main/AndroidManifest.xml:82:17-49
	android:excludeFromRecents
		ADDED from src/main/AndroidManifest.xml:85:17-50
	android:theme
		ADDED from src/main/AndroidManifest.xml:83:17-53
	android:taskAffinity
		ADDED from src/main/AndroidManifest.xml:84:17-40
	android:name
		ADDED from src/main/AndroidManifest.xml:81:19-60
intent-filter#android.intent.action.MAIN
ADDED from src/main/AndroidManifest.xml:87:13-89:29
activity#com.android.deskclock.worldclock.CitySelectionActivity
ADDED from src/main/AndroidManifest.xml:92:9-100:20
	android:label
		ADDED from src/main/AndroidManifest.xml:93:17-62
	android:excludeFromRecents
		ADDED from src/main/AndroidManifest.xml:96:17-50
	android:theme
		ADDED from src/main/AndroidManifest.xml:94:17-51
	android:taskAffinity
		ADDED from src/main/AndroidManifest.xml:95:17-40
	android:name
		ADDED from src/main/AndroidManifest.xml:92:19-67
activity#com.android.deskclock.alarms.AlarmActivity
ADDED from src/main/AndroidManifest.xml:102:9-108:50
	android:excludeFromRecents
		ADDED from src/main/AndroidManifest.xml:104:17-50
	android:windowSoftInputMode
		ADDED from src/main/AndroidManifest.xml:106:17-64
	android:showOnLockScreen
		ADDED from src/main/AndroidManifest.xml:107:17-48
	android:directBootAware
		ADDED from src/main/AndroidManifest.xml:108:17-47
	android:theme
		ADDED from src/main/AndroidManifest.xml:105:17-65
	android:taskAffinity
		ADDED from src/main/AndroidManifest.xml:103:17-40
	android:name
		ADDED from src/main/AndroidManifest.xml:102:19-55
activity#com.android.deskclock.ScreensaverActivity
ADDED from src/main/AndroidManifest.xml:110:9-114:90
	android:excludeFromRecents
		ADDED from src/main/AndroidManifest.xml:111:17-50
	android:configChanges
		ADDED from src/main/AndroidManifest.xml:114:17-87
	android:theme
		ADDED from src/main/AndroidManifest.xml:113:17-64
	android:taskAffinity
		ADDED from src/main/AndroidManifest.xml:112:17-40
	android:name
		ADDED from src/main/AndroidManifest.xml:110:19-53
receiver#com.android.deskclock.alarms.AlarmStateManager
ADDED from src/main/AndroidManifest.xml:116:9-119:20
	android:exported
		ADDED from src/main/AndroidManifest.xml:117:19-43
	android:directBootAware
		ADDED from src/main/AndroidManifest.xml:118:19-49
	android:name
		ADDED from src/main/AndroidManifest.xml:116:19-59
service#com.android.deskclock.alarms.AlarmService
ADDED from src/main/AndroidManifest.xml:121:9-124:19
	android:exported
		ADDED from src/main/AndroidManifest.xml:122:18-42
	android:directBootAware
		ADDED from src/main/AndroidManifest.xml:123:18-48
	android:name
		ADDED from src/main/AndroidManifest.xml:121:18-53
activity#com.android.deskclock.HandleApiCalls
ADDED from src/main/AndroidManifest.xml:126:9-157:20
	android:excludeFromRecents
		ADDED from src/main/AndroidManifest.xml:128:17-50
	android:launchMode
		ADDED from src/main/AndroidManifest.xml:129:17-48
	android:permission
		ADDED from src/main/AndroidManifest.xml:130:17-76
	android:theme
		ADDED from src/main/AndroidManifest.xml:127:17-63
	android:taskAffinity
		ADDED from src/main/AndroidManifest.xml:131:17-40
	android:name
		ADDED from src/main/AndroidManifest.xml:126:19-48
intent-filter#android.intent.action.SET_ALARM+android.intent.category.DEFAULT+android.intent.category.VOICE
ADDED from src/main/AndroidManifest.xml:132:13-136:29
action#android.intent.action.SET_ALARM
ADDED from src/main/AndroidManifest.xml:133:17-74
	android:name
		ADDED from src/main/AndroidManifest.xml:133:25-71
category#android.intent.category.VOICE
ADDED from src/main/AndroidManifest.xml:135:17-74
	android:name
		ADDED from src/main/AndroidManifest.xml:135:27-71
intent-filter#android.intent.action.DISMISS_ALARM+android.intent.category.DEFAULT+android.intent.category.VOICE
ADDED from src/main/AndroidManifest.xml:137:13-141:29
action#android.intent.action.DISMISS_ALARM
ADDED from src/main/AndroidManifest.xml:138:17-78
	android:name
		ADDED from src/main/AndroidManifest.xml:138:25-75
intent-filter#android.intent.action.SNOOZE_ALARM+android.intent.category.DEFAULT+android.intent.category.VOICE
ADDED from src/main/AndroidManifest.xml:142:13-146:29
action#android.intent.action.SNOOZE_ALARM
ADDED from src/main/AndroidManifest.xml:143:17-77
	android:name
		ADDED from src/main/AndroidManifest.xml:143:25-74
intent-filter#android.intent.action.SHOW_ALARMS+android.intent.category.DEFAULT+android.intent.category.VOICE
ADDED from src/main/AndroidManifest.xml:147:13-151:29
action#android.intent.action.SHOW_ALARMS
ADDED from src/main/AndroidManifest.xml:148:17-76
	android:name
		ADDED from src/main/AndroidManifest.xml:148:25-73
intent-filter#android.intent.action.SET_TIMER+android.intent.category.DEFAULT+android.intent.category.VOICE
ADDED from src/main/AndroidManifest.xml:152:13-156:29
action#android.intent.action.SET_TIMER
ADDED from src/main/AndroidManifest.xml:153:17-74
	android:name
		ADDED from src/main/AndroidManifest.xml:153:25-71
activity-alias#com.android.deskclock.HandleSetAlarm
ADDED from src/main/AndroidManifest.xml:159:9-162:26
	android:exported
		ADDED from src/main/AndroidManifest.xml:161:13-36
	android:targetActivity
		ADDED from src/main/AndroidManifest.xml:160:13-53
	android:name
		ADDED from src/main/AndroidManifest.xml:159:25-54
activity#com.android.deskclock.HandleDeskClockApiCalls
ADDED from src/main/AndroidManifest.xml:164:9-235:20
	android:excludeFromRecents
		ADDED from src/main/AndroidManifest.xml:166:13-46
	android:launchMode
		ADDED from src/main/AndroidManifest.xml:167:13-44
	android:permission
		ADDED from src/main/AndroidManifest.xml:168:13-72
	android:theme
		ADDED from src/main/AndroidManifest.xml:165:13-59
	android:taskAffinity
		ADDED from src/main/AndroidManifest.xml:169:13-36
	android:name
		ADDED from src/main/AndroidManifest.xml:164:19-58
intent-filter#android.intent.category.DEFAULT+android.intent.category.VOICE+com.android.deskclock.action.SHOW_CLOCK
ADDED from src/main/AndroidManifest.xml:170:13-174:29
action#com.android.deskclock.action.SHOW_CLOCK
ADDED from src/main/AndroidManifest.xml:171:17-82
	android:name
		ADDED from src/main/AndroidManifest.xml:171:25-79
intent-filter#android.intent.category.DEFAULT+android.intent.category.VOICE+com.android.deskclock.action.ADD_CLOCK
ADDED from src/main/AndroidManifest.xml:175:13-179:29
action#com.android.deskclock.action.ADD_CLOCK
ADDED from src/main/AndroidManifest.xml:176:17-81
	android:name
		ADDED from src/main/AndroidManifest.xml:176:25-78
intent-filter#android.intent.category.DEFAULT+android.intent.category.VOICE+com.android.deskclock.action.DELETE_CLOCK
ADDED from src/main/AndroidManifest.xml:180:13-184:29
action#com.android.deskclock.action.DELETE_CLOCK
ADDED from src/main/AndroidManifest.xml:181:17-84
	android:name
		ADDED from src/main/AndroidManifest.xml:181:25-81
intent-filter#android.intent.category.DEFAULT+android.intent.category.VOICE+com.android.deskclock.action.START_TIMER
ADDED from src/main/AndroidManifest.xml:185:13-189:29
action#com.android.deskclock.action.START_TIMER
ADDED from src/main/AndroidManifest.xml:186:17-83
	android:name
		ADDED from src/main/AndroidManifest.xml:186:25-80
intent-filter#android.intent.category.DEFAULT+android.intent.category.VOICE+com.android.deskclock.action.RESET_TIMER
ADDED from src/main/AndroidManifest.xml:190:13-194:29
action#com.android.deskclock.action.RESET_TIMER
ADDED from src/main/AndroidManifest.xml:191:17-83
	android:name
		ADDED from src/main/AndroidManifest.xml:191:25-80
intent-filter#android.intent.category.DEFAULT+android.intent.category.VOICE+com.android.deskclock.action.PAUSE_TIMER
ADDED from src/main/AndroidManifest.xml:195:13-199:29
action#com.android.deskclock.action.PAUSE_TIMER
ADDED from src/main/AndroidManifest.xml:196:17-83
	android:name
		ADDED from src/main/AndroidManifest.xml:196:25-80
intent-filter#android.intent.category.DEFAULT+android.intent.category.VOICE+com.android.deskclock.action.SHOW_TIMERS
ADDED from src/main/AndroidManifest.xml:200:13-204:29
action#com.android.deskclock.action.SHOW_TIMERS
ADDED from src/main/AndroidManifest.xml:201:17-83
	android:name
		ADDED from src/main/AndroidManifest.xml:201:25-80
intent-filter#android.intent.category.DEFAULT+android.intent.category.VOICE+com.android.deskclock.action.DELETE_TIMER
ADDED from src/main/AndroidManifest.xml:205:13-209:29
action#com.android.deskclock.action.DELETE_TIMER
ADDED from src/main/AndroidManifest.xml:206:17-84
	android:name
		ADDED from src/main/AndroidManifest.xml:206:25-81
intent-filter#android.intent.category.DEFAULT+android.intent.category.VOICE+com.android.deskclock.action.SHOW_STOPWATCH
ADDED from src/main/AndroidManifest.xml:210:13-214:29
action#com.android.deskclock.action.SHOW_STOPWATCH
ADDED from src/main/AndroidManifest.xml:211:17-86
	android:name
		ADDED from src/main/AndroidManifest.xml:211:25-83
intent-filter#android.intent.category.DEFAULT+android.intent.category.VOICE+com.android.deskclock.action.START_STOPWATCH
ADDED from src/main/AndroidManifest.xml:215:13-219:29
action#com.android.deskclock.action.START_STOPWATCH
ADDED from src/main/AndroidManifest.xml:216:17-87
	android:name
		ADDED from src/main/AndroidManifest.xml:216:25-84
intent-filter#android.intent.category.DEFAULT+android.intent.category.VOICE+com.android.deskclock.action.PAUSE_STOPWATCH
ADDED from src/main/AndroidManifest.xml:220:13-224:29
action#com.android.deskclock.action.PAUSE_STOPWATCH
ADDED from src/main/AndroidManifest.xml:221:17-87
	android:name
		ADDED from src/main/AndroidManifest.xml:221:25-84
intent-filter#android.intent.category.DEFAULT+android.intent.category.VOICE+com.android.deskclock.action.LAP_STOPWATCH
ADDED from src/main/AndroidManifest.xml:225:13-229:29
action#com.android.deskclock.action.LAP_STOPWATCH
ADDED from src/main/AndroidManifest.xml:226:17-85
	android:name
		ADDED from src/main/AndroidManifest.xml:226:25-82
intent-filter#android.intent.category.DEFAULT+android.intent.category.VOICE+com.android.deskclock.action.RESET_STOPWATCH
ADDED from src/main/AndroidManifest.xml:230:13-234:29
action#com.android.deskclock.action.RESET_STOPWATCH
ADDED from src/main/AndroidManifest.xml:231:17-87
	android:name
		ADDED from src/main/AndroidManifest.xml:231:25-84
receiver#com.android.deskclock.AlarmInitReceiver
ADDED from src/main/AndroidManifest.xml:237:9-247:20
	android:directBootAware
		ADDED from src/main/AndroidManifest.xml:238:17-47
	android:name
		ADDED from src/main/AndroidManifest.xml:237:19-51
intent-filter#android.intent.action.BOOT_COMPLETED+android.intent.action.LOCALE_CHANGED+android.intent.action.LOCKED_BOOT_COMPLETED+android.intent.action.MY_PACKAGE_REPLACED+android.intent.action.TIMEZONE_CHANGED+android.intent.action.TIME_SET
ADDED from src/main/AndroidManifest.xml:239:13-246:29
action#android.intent.action.LOCKED_BOOT_COMPLETED
ADDED from src/main/AndroidManifest.xml:240:17-86
	android:name
		ADDED from src/main/AndroidManifest.xml:240:25-83
action#android.intent.action.BOOT_COMPLETED
ADDED from src/main/AndroidManifest.xml:241:17-79
	android:name
		ADDED from src/main/AndroidManifest.xml:241:25-76
action#android.intent.action.TIME_SET
ADDED from src/main/AndroidManifest.xml:242:17-73
	android:name
		ADDED from src/main/AndroidManifest.xml:242:25-70
action#android.intent.action.TIMEZONE_CHANGED
ADDED from src/main/AndroidManifest.xml:243:17-81
	android:name
		ADDED from src/main/AndroidManifest.xml:243:25-78
action#android.intent.action.LOCALE_CHANGED
ADDED from src/main/AndroidManifest.xml:244:17-79
	android:name
		ADDED from src/main/AndroidManifest.xml:244:25-76
action#android.intent.action.MY_PACKAGE_REPLACED
ADDED from src/main/AndroidManifest.xml:245:17-84
	android:name
		ADDED from src/main/AndroidManifest.xml:245:25-81
receiver#com.android.alarmclock.AnalogAppWidgetProvider
ADDED from src/main/AndroidManifest.xml:249:9-263:20
	android:label
		ADDED from src/main/AndroidManifest.xml:252:13-50
	android:icon
		ADDED from src/main/AndroidManifest.xml:251:13-58
	android:name
		ADDED from src/main/AndroidManifest.xml:250:13-74
intent-filter#android.appwidget.action.APPWIDGET_UPDATE
ADDED from src/main/AndroidManifest.xml:253:13-255:29
action#android.appwidget.action.APPWIDGET_UPDATE
ADDED from src/main/AndroidManifest.xml:254:17-83
	android:name
		ADDED from src/main/AndroidManifest.xml:254:25-81
meta-data#android.appwidget.oldName
ADDED from src/main/AndroidManifest.xml:257:13-259:80
	android:value
		ADDED from src/main/AndroidManifest.xml:259:17-78
	android:name
		ADDED from src/main/AndroidManifest.xml:258:17-57
meta-data#android.appwidget.provider
ADDED from src/main/AndroidManifest.xml:260:13-262:59
	android:resource
		ADDED from src/main/AndroidManifest.xml:262:17-57
	android:name
		ADDED from src/main/AndroidManifest.xml:261:17-58
receiver#com.android.alarmclock.DigitalAppWidgetProvider
ADDED from src/main/AndroidManifest.xml:265:9-283:20
	android:label
		ADDED from src/main/AndroidManifest.xml:268:13-51
	android:icon
		ADDED from src/main/AndroidManifest.xml:267:13-58
	android:name
		ADDED from src/main/AndroidManifest.xml:266:13-75
intent-filter#android.app.action.NEXT_ALARM_CLOCK_CHANGED+android.appwidget.action.APPWIDGET_UPDATE+android.intent.action.DATE_CHANGED+android.intent.action.LOCALE_CHANGED+android.intent.action.SCREEN_ON+android.intent.action.TIMEZONE_CHANGED+android.intent.action.TIME_SET+com.android.deskclock.DIGITAL_WIDGET_CHANGED+com.android.deskclock.ON_QUARTER_HOUR
ADDED from src/main/AndroidManifest.xml:269:13-279:29
action#android.intent.action.SCREEN_ON
ADDED from src/main/AndroidManifest.xml:271:17-73
	android:name
		ADDED from src/main/AndroidManifest.xml:271:25-71
action#android.intent.action.DATE_CHANGED
ADDED from src/main/AndroidManifest.xml:272:17-76
	android:name
		ADDED from src/main/AndroidManifest.xml:272:25-74
action#com.android.deskclock.DIGITAL_WIDGET_CHANGED
ADDED from src/main/AndroidManifest.xml:275:17-86
	android:name
		ADDED from src/main/AndroidManifest.xml:275:25-84
action#com.android.deskclock.ON_QUARTER_HOUR
ADDED from src/main/AndroidManifest.xml:276:17-79
	android:name
		ADDED from src/main/AndroidManifest.xml:276:25-77
action#android.app.action.NEXT_ALARM_CLOCK_CHANGED
ADDED from src/main/AndroidManifest.xml:278:17-85
	android:name
		ADDED from src/main/AndroidManifest.xml:278:25-83
service#com.android.alarmclock.DigitalAppWidgetService
ADDED from src/main/AndroidManifest.xml:285:9-287:41
	android:exported
		ADDED from src/main/AndroidManifest.xml:287:14-38
	android:permission
		ADDED from src/main/AndroidManifest.xml:286:14-70
	android:name
		ADDED from src/main/AndroidManifest.xml:285:18-79
service#com.android.deskclock.Screensaver
ADDED from src/main/AndroidManifest.xml:290:9-302:19
	android:label
		ADDED from src/main/AndroidManifest.xml:292:13-46
	android:exported
		ADDED from src/main/AndroidManifest.xml:291:13-36
	android:permission
		ADDED from src/main/AndroidManifest.xml:293:13-71
	android:name
		ADDED from src/main/AndroidManifest.xml:290:18-44
intent-filter#android.app.action.NEXT_ALARM_CLOCK_CHANGED+android.intent.category.DEFAULT+android.service.dreams.DreamService
ADDED from src/main/AndroidManifest.xml:294:13-298:29
action#android.service.dreams.DreamService
ADDED from src/main/AndroidManifest.xml:295:17-78
	android:name
		ADDED from src/main/AndroidManifest.xml:295:25-75
meta-data#android.service.dream
ADDED from src/main/AndroidManifest.xml:299:13-301:54
	android:resource
		ADDED from src/main/AndroidManifest.xml:301:17-51
	android:name
		ADDED from src/main/AndroidManifest.xml:300:17-53
activity#com.android.deskclock.settings.ScreensaverSettingsActivity
ADDED from src/main/AndroidManifest.xml:305:9-315:20
	android:label
		ADDED from src/main/AndroidManifest.xml:306:17-61
	android:excludeFromRecents
		ADDED from src/main/AndroidManifest.xml:309:17-50
	android:exported
		ADDED from src/main/AndroidManifest.xml:310:17-40
	android:theme
		ADDED from src/main/AndroidManifest.xml:307:17-53
	android:taskAffinity
		ADDED from src/main/AndroidManifest.xml:308:17-40
	android:name
		ADDED from src/main/AndroidManifest.xml:305:19-71
activity#com.android.deskclock.AlarmSelectionActivity
ADDED from src/main/AndroidManifest.xml:317:9-320:81
	android:label
		ADDED from src/main/AndroidManifest.xml:319:13-50
	android:theme
		ADDED from src/main/AndroidManifest.xml:320:13-79
	android:name
		ADDED from src/main/AndroidManifest.xml:318:13-51
activity#com.android.deskclock.timer.ExpiredTimersActivity
ADDED from src/main/AndroidManifest.xml:325:9-331:88
	android:excludeFromRecents
		ADDED from src/main/AndroidManifest.xml:326:17-50
	android:launchMode
		ADDED from src/main/AndroidManifest.xml:328:17-52
	android:configChanges
		ADDED from src/main/AndroidManifest.xml:331:17-86
	android:showOnLockScreen
		ADDED from src/main/AndroidManifest.xml:329:17-48
	android:theme
		ADDED from src/main/AndroidManifest.xml:327:17-66
	android:taskAffinity
		ADDED from src/main/AndroidManifest.xml:330:17-40
	android:name
		ADDED from src/main/AndroidManifest.xml:325:19-62
receiver#com.android.deskclock.timer.TimerReceiver
ADDED from src/main/AndroidManifest.xml:334:9-339:20
	android:exported
		ADDED from src/main/AndroidManifest.xml:335:19-43
	android:name
		ADDED from src/main/AndroidManifest.xml:334:19-75
intent-filter#times_up
ADDED from src/main/AndroidManifest.xml:336:13-338:29
action#times_up
ADDED from src/main/AndroidManifest.xml:337:17-51
	android:name
		ADDED from src/main/AndroidManifest.xml:337:25-48
service#com.android.deskclock.timer.TimerService
ADDED from src/main/AndroidManifest.xml:341:9-344:19
	android:exported
		ADDED from src/main/AndroidManifest.xml:342:18-42
	android:description
		ADDED from src/main/AndroidManifest.xml:343:18-66
	android:name
		ADDED from src/main/AndroidManifest.xml:341:18-52
service#com.android.deskclock.stopwatch.StopwatchService
ADDED from src/main/AndroidManifest.xml:346:9-349:19
	android:exported
		ADDED from src/main/AndroidManifest.xml:347:17-41
	android:description
		ADDED from src/main/AndroidManifest.xml:348:17-69
	android:name
		ADDED from src/main/AndroidManifest.xml:346:18-60